2024-05-26 17:10:01,660 [Worker-2: Loading available Gradle versions] INFO  o.e.b.c.i.u.g.PublishedGradleVersions - Gradle version information cache is out-of-date. Trying to update.
2024-05-26 17:13:11,182 [Worker-3: Launching mavenrun-2e351bee-01ca-48d2-9035-34114d7d196b] INFO  o.eclipse.m2e.core.internal.Bundles - getClasspathEntries(Bundle=org.eclipse.m2e.maven.runtime_3.9.600.20231203-1234 [354])
2024-05-26 17:13:11,186 [Worker-3: Launching mavenrun-2e351bee-01ca-48d2-9035-34114d7d196b] INFO  o.eclipse.m2e.core.internal.Bundles - 	Entry: C:\sts-4.22.0.RELEASE\plugins\org.eclipse.m2e.maven.runtime_3.9.600.20231203-1234
2024-05-26 17:13:11,187 [Worker-3: Launching mavenrun-2e351bee-01ca-48d2-9035-34114d7d196b] INFO  o.eclipse.m2e.core.internal.Bundles - 	Entry: C:\sts-4.22.0.RELEASE\plugins\org.eclipse.m2e.maven.runtime_3.9.600.20231203-1234\jars\aopalliance-1.0.jar
2024-05-26 17:13:11,188 [Worker-3: Launching mavenrun-2e351bee-01ca-48d2-9035-34114d7d196b] INFO  o.eclipse.m2e.core.internal.Bundles - 	Entry: C:\sts-4.22.0.RELEASE\plugins\org.eclipse.m2e.maven.runtime_3.9.600.20231203-1234\jars\guice-5.1.0.jar
2024-05-26 17:13:11,189 [Worker-3: Launching mavenrun-2e351bee-01ca-48d2-9035-34114d7d196b] INFO  o.eclipse.m2e.core.internal.Bundles - 	Entry: C:\sts-4.22.0.RELEASE\plugins\org.eclipse.m2e.maven.runtime_3.9.600.20231203-1234\jars\httpclient-4.5.14.jar
2024-05-26 17:13:11,189 [Worker-3: Launching mavenrun-2e351bee-01ca-48d2-9035-34114d7d196b] INFO  o.eclipse.m2e.core.internal.Bundles - 	Entry: C:\sts-4.22.0.RELEASE\plugins\org.eclipse.m2e.maven.runtime_3.9.600.20231203-1234\jars\httpcore-4.4.16.jar
2024-05-26 17:13:11,189 [Worker-3: Launching mavenrun-2e351bee-01ca-48d2-9035-34114d7d196b] INFO  o.eclipse.m2e.core.internal.Bundles - 	Entry: C:\sts-4.22.0.RELEASE\plugins\org.eclipse.m2e.maven.runtime_3.9.600.20231203-1234\jars\jansi-2.4.0.jar
2024-05-26 17:13:11,189 [Worker-3: Launching mavenrun-2e351bee-01ca-48d2-9035-34114d7d196b] INFO  o.eclipse.m2e.core.internal.Bundles - 	Entry: C:\sts-4.22.0.RELEASE\plugins\org.eclipse.m2e.maven.runtime_3.9.600.20231203-1234\jars\jcl-over-slf4j-1.7.36.jar
2024-05-26 17:13:11,189 [Worker-3: Launching mavenrun-2e351bee-01ca-48d2-9035-34114d7d196b] INFO  o.eclipse.m2e.core.internal.Bundles - 	Entry: C:\sts-4.22.0.RELEASE\plugins\org.eclipse.m2e.maven.runtime_3.9.600.20231203-1234\jars\maven-artifact-3.9.6.jar
2024-05-26 17:13:11,189 [Worker-3: Launching mavenrun-2e351bee-01ca-48d2-9035-34114d7d196b] INFO  o.eclipse.m2e.core.internal.Bundles - 	Entry: C:\sts-4.22.0.RELEASE\plugins\org.eclipse.m2e.maven.runtime_3.9.600.20231203-1234\jars\maven-builder-support-3.9.6.jar
2024-05-26 17:13:11,190 [Worker-3: Launching mavenrun-2e351bee-01ca-48d2-9035-34114d7d196b] INFO  o.eclipse.m2e.core.internal.Bundles - 	Entry: C:\sts-4.22.0.RELEASE\plugins\org.eclipse.m2e.maven.runtime_3.9.600.20231203-1234\jars\maven-compat-3.9.6.jar
2024-05-26 17:13:11,190 [Worker-3: Launching mavenrun-2e351bee-01ca-48d2-9035-34114d7d196b] INFO  o.eclipse.m2e.core.internal.Bundles - 	Entry: C:\sts-4.22.0.RELEASE\plugins\org.eclipse.m2e.maven.runtime_3.9.600.20231203-1234\jars\maven-core-3.9.6.jar
2024-05-26 17:13:11,190 [Worker-3: Launching mavenrun-2e351bee-01ca-48d2-9035-34114d7d196b] INFO  o.eclipse.m2e.core.internal.Bundles - 	Entry: C:\sts-4.22.0.RELEASE\plugins\org.eclipse.m2e.maven.runtime_3.9.600.20231203-1234\jars\maven-embedder-3.9.6.jar
2024-05-26 17:13:11,190 [Worker-3: Launching mavenrun-2e351bee-01ca-48d2-9035-34114d7d196b] INFO  o.eclipse.m2e.core.internal.Bundles - 	Entry: C:\sts-4.22.0.RELEASE\plugins\org.eclipse.m2e.maven.runtime_3.9.600.20231203-1234\jars\maven-model-3.9.6.jar
2024-05-26 17:13:11,190 [Worker-3: Launching mavenrun-2e351bee-01ca-48d2-9035-34114d7d196b] INFO  o.eclipse.m2e.core.internal.Bundles - 	Entry: C:\sts-4.22.0.RELEASE\plugins\org.eclipse.m2e.maven.runtime_3.9.600.20231203-1234\jars\maven-model-builder-3.9.6.jar
2024-05-26 17:13:11,190 [Worker-3: Launching mavenrun-2e351bee-01ca-48d2-9035-34114d7d196b] INFO  o.eclipse.m2e.core.internal.Bundles - 	Entry: C:\sts-4.22.0.RELEASE\plugins\org.eclipse.m2e.maven.runtime_3.9.600.20231203-1234\jars\maven-plugin-api-3.9.6.jar
2024-05-26 17:13:11,191 [Worker-3: Launching mavenrun-2e351bee-01ca-48d2-9035-34114d7d196b] INFO  o.eclipse.m2e.core.internal.Bundles - 	Entry: C:\sts-4.22.0.RELEASE\plugins\org.eclipse.m2e.maven.runtime_3.9.600.20231203-1234\jars\maven-repository-metadata-3.9.6.jar
2024-05-26 17:13:11,191 [Worker-3: Launching mavenrun-2e351bee-01ca-48d2-9035-34114d7d196b] INFO  o.eclipse.m2e.core.internal.Bundles - 	Entry: C:\sts-4.22.0.RELEASE\plugins\org.eclipse.m2e.maven.runtime_3.9.600.20231203-1234\jars\maven-resolver-api-1.9.18.jar
2024-05-26 17:13:11,191 [Worker-3: Launching mavenrun-2e351bee-01ca-48d2-9035-34114d7d196b] INFO  o.eclipse.m2e.core.internal.Bundles - 	Entry: C:\sts-4.22.0.RELEASE\plugins\org.eclipse.m2e.maven.runtime_3.9.600.20231203-1234\jars\maven-resolver-connector-basic-1.9.18.jar
2024-05-26 17:13:11,191 [Worker-3: Launching mavenrun-2e351bee-01ca-48d2-9035-34114d7d196b] INFO  o.eclipse.m2e.core.internal.Bundles - 	Entry: C:\sts-4.22.0.RELEASE\plugins\org.eclipse.m2e.maven.runtime_3.9.600.20231203-1234\jars\maven-resolver-impl-1.9.18.jar
2024-05-26 17:13:11,191 [Worker-3: Launching mavenrun-2e351bee-01ca-48d2-9035-34114d7d196b] INFO  o.eclipse.m2e.core.internal.Bundles - 	Entry: C:\sts-4.22.0.RELEASE\plugins\org.eclipse.m2e.maven.runtime_3.9.600.20231203-1234\jars\maven-resolver-named-locks-1.9.18.jar
2024-05-26 17:13:11,191 [Worker-3: Launching mavenrun-2e351bee-01ca-48d2-9035-34114d7d196b] INFO  o.eclipse.m2e.core.internal.Bundles - 	Entry: C:\sts-4.22.0.RELEASE\plugins\org.eclipse.m2e.maven.runtime_3.9.600.20231203-1234\jars\maven-resolver-provider-3.9.6.jar
2024-05-26 17:13:11,191 [Worker-3: Launching mavenrun-2e351bee-01ca-48d2-9035-34114d7d196b] INFO  o.eclipse.m2e.core.internal.Bundles - 	Entry: C:\sts-4.22.0.RELEASE\plugins\org.eclipse.m2e.maven.runtime_3.9.600.20231203-1234\jars\maven-resolver-spi-1.9.18.jar
2024-05-26 17:13:11,192 [Worker-3: Launching mavenrun-2e351bee-01ca-48d2-9035-34114d7d196b] INFO  o.eclipse.m2e.core.internal.Bundles - 	Entry: C:\sts-4.22.0.RELEASE\plugins\org.eclipse.m2e.maven.runtime_3.9.600.20231203-1234\jars\maven-resolver-transport-file-1.9.18.jar
2024-05-26 17:13:11,192 [Worker-3: Launching mavenrun-2e351bee-01ca-48d2-9035-34114d7d196b] INFO  o.eclipse.m2e.core.internal.Bundles - 	Entry: C:\sts-4.22.0.RELEASE\plugins\org.eclipse.m2e.maven.runtime_3.9.600.20231203-1234\jars\maven-resolver-transport-http-1.9.18.jar
2024-05-26 17:13:11,192 [Worker-3: Launching mavenrun-2e351bee-01ca-48d2-9035-34114d7d196b] INFO  o.eclipse.m2e.core.internal.Bundles - 	Entry: C:\sts-4.22.0.RELEASE\plugins\org.eclipse.m2e.maven.runtime_3.9.600.20231203-1234\jars\maven-resolver-transport-wagon-1.9.18.jar
2024-05-26 17:13:11,192 [Worker-3: Launching mavenrun-2e351bee-01ca-48d2-9035-34114d7d196b] INFO  o.eclipse.m2e.core.internal.Bundles - 	Entry: C:\sts-4.22.0.RELEASE\plugins\org.eclipse.m2e.maven.runtime_3.9.600.20231203-1234\jars\maven-resolver-util-1.9.18.jar
2024-05-26 17:13:11,192 [Worker-3: Launching mavenrun-2e351bee-01ca-48d2-9035-34114d7d196b] INFO  o.eclipse.m2e.core.internal.Bundles - 	Entry: C:\sts-4.22.0.RELEASE\plugins\org.eclipse.m2e.maven.runtime_3.9.600.20231203-1234\jars\maven-settings-3.9.6.jar
2024-05-26 17:13:11,192 [Worker-3: Launching mavenrun-2e351bee-01ca-48d2-9035-34114d7d196b] INFO  o.eclipse.m2e.core.internal.Bundles - 	Entry: C:\sts-4.22.0.RELEASE\plugins\org.eclipse.m2e.maven.runtime_3.9.600.20231203-1234\jars\maven-settings-builder-3.9.6.jar
2024-05-26 17:13:11,192 [Worker-3: Launching mavenrun-2e351bee-01ca-48d2-9035-34114d7d196b] INFO  o.eclipse.m2e.core.internal.Bundles - 	Entry: C:\sts-4.22.0.RELEASE\plugins\org.eclipse.m2e.maven.runtime_3.9.600.20231203-1234\jars\maven-shared-utils-3.3.4.jar
2024-05-26 17:13:11,193 [Worker-3: Launching mavenrun-2e351bee-01ca-48d2-9035-34114d7d196b] INFO  o.eclipse.m2e.core.internal.Bundles - 	Entry: C:\sts-4.22.0.RELEASE\plugins\org.eclipse.m2e.maven.runtime_3.9.600.20231203-1234\jars\org.eclipse.sisu.inject-0.9.0.M2.jar
2024-05-26 17:13:11,193 [Worker-3: Launching mavenrun-2e351bee-01ca-48d2-9035-34114d7d196b] INFO  o.eclipse.m2e.core.internal.Bundles - 	Entry: C:\sts-4.22.0.RELEASE\plugins\org.eclipse.m2e.maven.runtime_3.9.600.20231203-1234\jars\org.eclipse.sisu.plexus-0.9.0.M2.jar
2024-05-26 17:13:11,193 [Worker-3: Launching mavenrun-2e351bee-01ca-48d2-9035-34114d7d196b] INFO  o.eclipse.m2e.core.internal.Bundles - 	Entry: C:\sts-4.22.0.RELEASE\plugins\org.eclipse.m2e.maven.runtime_3.9.600.20231203-1234\jars\plexus-build-api-0.0.7.jar
2024-05-26 17:13:11,193 [Worker-3: Launching mavenrun-2e351bee-01ca-48d2-9035-34114d7d196b] INFO  o.eclipse.m2e.core.internal.Bundles - 	Entry: C:\sts-4.22.0.RELEASE\plugins\org.eclipse.m2e.maven.runtime_3.9.600.20231203-1234\jars\plexus-cipher-2.0.jar
2024-05-26 17:13:11,193 [Worker-3: Launching mavenrun-2e351bee-01ca-48d2-9035-34114d7d196b] INFO  o.eclipse.m2e.core.internal.Bundles - 	Entry: C:\sts-4.22.0.RELEASE\plugins\org.eclipse.m2e.maven.runtime_3.9.600.20231203-1234\jars\plexus-classworlds-2.7.0.jar
2024-05-26 17:13:11,193 [Worker-3: Launching mavenrun-2e351bee-01ca-48d2-9035-34114d7d196b] INFO  o.eclipse.m2e.core.internal.Bundles - 	Entry: C:\sts-4.22.0.RELEASE\plugins\org.eclipse.m2e.maven.runtime_3.9.600.20231203-1234\jars\plexus-component-annotations-2.1.0.jar
2024-05-26 17:13:11,194 [Worker-3: Launching mavenrun-2e351bee-01ca-48d2-9035-34114d7d196b] INFO  o.eclipse.m2e.core.internal.Bundles - 	Entry: C:\sts-4.22.0.RELEASE\plugins\org.eclipse.m2e.maven.runtime_3.9.600.20231203-1234\jars\plexus-interpolation-1.26.jar
2024-05-26 17:13:11,194 [Worker-3: Launching mavenrun-2e351bee-01ca-48d2-9035-34114d7d196b] INFO  o.eclipse.m2e.core.internal.Bundles - 	Entry: C:\sts-4.22.0.RELEASE\plugins\org.eclipse.m2e.maven.runtime_3.9.600.20231203-1234\jars\plexus-sec-dispatcher-2.0.jar
2024-05-26 17:13:11,194 [Worker-3: Launching mavenrun-2e351bee-01ca-48d2-9035-34114d7d196b] INFO  o.eclipse.m2e.core.internal.Bundles - 	Entry: C:\sts-4.22.0.RELEASE\plugins\org.eclipse.m2e.maven.runtime_3.9.600.20231203-1234\jars\plexus-utils-3.5.1.jar
2024-05-26 17:13:11,194 [Worker-3: Launching mavenrun-2e351bee-01ca-48d2-9035-34114d7d196b] INFO  o.eclipse.m2e.core.internal.Bundles - 	Entry: C:\sts-4.22.0.RELEASE\plugins\org.eclipse.m2e.maven.runtime_3.9.600.20231203-1234\jars\wagon-file-3.5.3.jar
2024-05-26 17:13:11,194 [Worker-3: Launching mavenrun-2e351bee-01ca-48d2-9035-34114d7d196b] INFO  o.eclipse.m2e.core.internal.Bundles - 	Entry: C:\sts-4.22.0.RELEASE\plugins\org.eclipse.m2e.maven.runtime_3.9.600.20231203-1234\jars\wagon-http-3.5.3.jar
2024-05-26 17:13:11,194 [Worker-3: Launching mavenrun-2e351bee-01ca-48d2-9035-34114d7d196b] INFO  o.eclipse.m2e.core.internal.Bundles - 	Entry: C:\sts-4.22.0.RELEASE\plugins\org.eclipse.m2e.maven.runtime_3.9.600.20231203-1234\jars\wagon-http-shared-3.5.3.jar
2024-05-26 17:13:11,195 [Worker-3: Launching mavenrun-2e351bee-01ca-48d2-9035-34114d7d196b] INFO  o.eclipse.m2e.core.internal.Bundles - 	Entry: C:\sts-4.22.0.RELEASE\plugins\org.eclipse.m2e.maven.runtime_3.9.600.20231203-1234\jars\wagon-provider-api-3.5.3.jar
2024-05-26 17:13:11,197 [Worker-3: Launching mavenrun-2e351bee-01ca-48d2-9035-34114d7d196b] INFO  o.eclipse.m2e.core.internal.Bundles - getClasspathEntries(Bundle=com.google.guava_33.0.0.jre [27])
2024-05-26 17:13:11,197 [Worker-3: Launching mavenrun-2e351bee-01ca-48d2-9035-34114d7d196b] INFO  o.eclipse.m2e.core.internal.Bundles - 	Entry: C:\sts-4.22.0.RELEASE\plugins\com.google.guava_33.0.0.jre.jar
2024-05-26 17:13:11,198 [Worker-3: Launching mavenrun-2e351bee-01ca-48d2-9035-34114d7d196b] INFO  o.eclipse.m2e.core.internal.Bundles - getClasspathEntries(Bundle=slf4j.api_2.0.12 [583])
2024-05-26 17:13:11,198 [Worker-3: Launching mavenrun-2e351bee-01ca-48d2-9035-34114d7d196b] INFO  o.eclipse.m2e.core.internal.Bundles - 	Entry: C:\sts-4.22.0.RELEASE\plugins\slf4j.api_2.0.12.jar
2024-05-26 17:13:11,198 [Worker-3: Launching mavenrun-2e351bee-01ca-48d2-9035-34114d7d196b] INFO  o.eclipse.m2e.core.internal.Bundles - getClasspathEntries(Bundle=jakarta.inject.jakarta.inject-api_1.0.5 [44])
2024-05-26 17:13:11,198 [Worker-3: Launching mavenrun-2e351bee-01ca-48d2-9035-34114d7d196b] INFO  o.eclipse.m2e.core.internal.Bundles - 	Entry: C:\sts-4.22.0.RELEASE\plugins\jakarta.inject.jakarta.inject-api_1.0.5.jar
2024-05-26 17:13:11,198 [Worker-3: Launching mavenrun-2e351bee-01ca-48d2-9035-34114d7d196b] INFO  o.eclipse.m2e.core.internal.Bundles - getClasspathEntries(Bundle=jakarta.annotation-api_1.3.5 [40])
2024-05-26 17:13:11,198 [Worker-3: Launching mavenrun-2e351bee-01ca-48d2-9035-34114d7d196b] INFO  o.eclipse.m2e.core.internal.Bundles - 	Entry: C:\sts-4.22.0.RELEASE\plugins\jakarta.annotation-api_1.3.5.jar
2024-05-26 17:13:11,198 [Worker-3: Launching mavenrun-2e351bee-01ca-48d2-9035-34114d7d196b] INFO  o.eclipse.m2e.core.internal.Bundles - getClasspathEntries(Bundle=org.apache.commons.cli_1.6.0 [75])
2024-05-26 17:13:11,198 [Worker-3: Launching mavenrun-2e351bee-01ca-48d2-9035-34114d7d196b] INFO  o.eclipse.m2e.core.internal.Bundles - 	Entry: C:\sts-4.22.0.RELEASE\plugins\org.apache.commons.cli_1.6.0.jar
2024-05-26 17:13:11,198 [Worker-3: Launching mavenrun-2e351bee-01ca-48d2-9035-34114d7d196b] INFO  o.eclipse.m2e.core.internal.Bundles - getClasspathEntries(Bundle=org.apache.commons.commons-codec_1.16.0 [77])
2024-05-26 17:13:11,198 [Worker-3: Launching mavenrun-2e351bee-01ca-48d2-9035-34114d7d196b] INFO  o.eclipse.m2e.core.internal.Bundles - 	Entry: C:\sts-4.22.0.RELEASE\plugins\org.apache.commons.commons-codec_1.16.0.jar
2024-05-26 17:13:11,198 [Worker-3: Launching mavenrun-2e351bee-01ca-48d2-9035-34114d7d196b] INFO  o.eclipse.m2e.core.internal.Bundles - getClasspathEntries(Bundle=org.apache.commons.lang3_3.14.0 [81])
2024-05-26 17:13:11,198 [Worker-3: Launching mavenrun-2e351bee-01ca-48d2-9035-34114d7d196b] INFO  o.eclipse.m2e.core.internal.Bundles - 	Entry: C:\sts-4.22.0.RELEASE\plugins\org.apache.commons.lang3_3.14.0.jar
2024-05-26 17:13:11,198 [Worker-3: Launching mavenrun-2e351bee-01ca-48d2-9035-34114d7d196b] INFO  o.eclipse.m2e.core.internal.Bundles - getClasspathEntries(Bundle=com.google.guava.failureaccess_1.0.2 [29])
2024-05-26 17:13:11,199 [Worker-3: Launching mavenrun-2e351bee-01ca-48d2-9035-34114d7d196b] INFO  o.eclipse.m2e.core.internal.Bundles - 	Entry: C:\sts-4.22.0.RELEASE\plugins\com.google.guava.failureaccess_1.0.2.jar
2024-05-26 17:13:11,209 [Worker-3: Launching mavenrun-2e351bee-01ca-48d2-9035-34114d7d196b] INFO  o.e.m.i.launch.MavenLaunchDelegate - Run build in "C:\Users\thiag\AppData\Local\Temp\m2e-archetypeGenerator2410744504316020866":
2024-05-26 17:13:11,213 [Worker-3: Launching mavenrun-2e351bee-01ca-48d2-9035-34114d7d196b] INFO  o.e.m.i.launch.MavenLaunchDelegate -  mvn  -DarchetypeGroupId=org.apache.maven.archetypes -DarchetypeArtifactId=maven-archetype-quickstart -DarchetypeVersion=1.1 -DgroupId=enviando-email -DartifactId=enviando-email -Dversion=0.0.1-SNAPSHOT -Dpackage=br.com.enviando_email -DoutputDirectory=C:\Users\thiag\Documents\javamail -Dstyle.color=always -U archetype:generate
2024-05-26 17:13:20,771 [Worker-0: Creating maven-archetype-quickstart] INFO  o.e.m.c.i.p.ProjectConfigurationManager - Collecting project info '/pom.xml' C:\Users\thiag\Documents\javamail\enviando-email\pom.xml
2024-05-26 17:13:21,232 [Worker-0: Creating maven-archetype-quickstart] INFO  o.e.m.c.i.l.LifecycleMappingFactory - Using org.eclipse.m2e.jdt.JarLifecycleMapping lifecycle mapping for MavenProject: enviando-email:enviando-email:0.0.1-SNAPSHOT @ C:\Users\thiag\Documents\javamail\enviando-email\pom.xml.
2024-05-26 17:13:21,754 [Worker-0: Creating maven-archetype-quickstart] INFO  o.e.m.j.i.AbstractJavaProjectConfigurator - Adding source folder /enviando-email/src/main/java
2024-05-26 17:13:21,756 [Worker-0: Creating maven-archetype-quickstart] INFO  o.e.m.j.i.AbstractJavaProjectConfigurator - Adding resource folder /enviando-email/src/main/resources
2024-05-26 17:13:21,842 [Worker-0: Creating maven-archetype-quickstart] INFO  o.e.m.j.i.AbstractJavaProjectConfigurator - Adding source folder /enviando-email/src/test/java
2024-05-26 17:13:21,843 [Worker-0: Creating maven-archetype-quickstart] INFO  o.e.m.j.i.AbstractJavaProjectConfigurator - Adding resource folder /enviando-email/src/test/resources
2024-05-26 17:13:21,954 [Worker-0: Creating maven-archetype-quickstart] INFO  o.e.m.c.i.p.ProjectConfigurationManager - Imported and configured 1 project(s) in 1 sec
2024-05-26 17:13:22,744 [Worker-2: Building] INFO  o.a.m.s.f.DefaultMavenResourcesFiltering - skip non existing resourceDirectory C:\Users\thiag\Documents\javamail\enviando-email\src\main\resources
2024-05-26 17:13:22,749 [Worker-2: Building] INFO  o.a.m.s.f.DefaultMavenResourcesFiltering - skip non existing resourceDirectory C:\Users\thiag\Documents\javamail\enviando-email\src\test\resources
2024-05-26 17:20:54,381 [Worker-18: Building] INFO  o.e.m.c.i.l.LifecycleMappingFactory - Using org.eclipse.m2e.jdt.JarLifecycleMapping lifecycle mapping for MavenProject: enviando-email:enviando-email:0.0.1-SNAPSHOT @ C:\Users\thiag\Documents\javamail\enviando-email\pom.xml.
2024-05-26 17:20:54,547 [Worker-18: Building] INFO  o.e.m.c.i.e.AbstractTransferListenerAdapter - Downloading https://repo.maven.apache.org/maven2/com/sun/mail/javax.mail/1.6.2/javax.mail-1.6.2.pom
2024-05-26 17:20:54,558 [Worker-18: Building] INFO  o.e.m.c.i.e.AbstractTransferListenerAdapter - Downloaded https://repo.maven.apache.org/maven2/com/sun/mail/javax.mail/1.6.2/javax.mail-1.6.2.pom
2024-05-26 17:20:54,582 [Worker-18: Building] INFO  o.e.m.c.i.e.AbstractTransferListenerAdapter - Downloading https://repo.maven.apache.org/maven2/com/sun/mail/all/1.6.2/all-1.6.2.pom
2024-05-26 17:20:54,592 [Worker-18: Building] INFO  o.e.m.c.i.e.AbstractTransferListenerAdapter - Downloaded https://repo.maven.apache.org/maven2/com/sun/mail/all/1.6.2/all-1.6.2.pom
2024-05-26 17:20:54,615 [Worker-18: Building] INFO  o.e.m.c.i.e.AbstractTransferListenerAdapter - Downloading https://repo.maven.apache.org/maven2/net/java/jvnet-parent/1/jvnet-parent-1.pom
2024-05-26 17:20:54,619 [Worker-18: Building] INFO  o.e.m.c.i.e.AbstractTransferListenerAdapter - Downloaded https://repo.maven.apache.org/maven2/net/java/jvnet-parent/1/jvnet-parent-1.pom
2024-05-26 17:20:54,640 [Worker-18: Building] INFO  o.e.m.c.i.e.AbstractTransferListenerAdapter - Downloading https://repo.maven.apache.org/maven2/javax/activation/activation/1.1/activation-1.1.pom
2024-05-26 17:20:54,646 [Worker-18: Building] INFO  o.e.m.c.i.e.AbstractTransferListenerAdapter - Downloaded https://repo.maven.apache.org/maven2/javax/activation/activation/1.1/activation-1.1.pom
2024-05-26 17:20:54,688 [Worker-18: Building] INFO  o.e.m.c.i.e.AbstractTransferListenerAdapter - Downloading https://repo.maven.apache.org/maven2/com/sun/mail/javax.mail/1.6.2/javax.mail-1.6.2.jar
2024-05-26 17:20:54,813 [Worker-18: Building] INFO  o.e.m.c.i.e.AbstractTransferListenerAdapter - Downloaded https://repo.maven.apache.org/maven2/com/sun/mail/javax.mail/1.6.2/javax.mail-1.6.2.jar
2024-05-26 17:20:54,838 [BasicRepositoryConnector-repo.maven.apache.org-0-0] INFO  o.e.m.c.i.e.AbstractTransferListenerAdapter - Downloading https://repo.maven.apache.org/maven2/javax/activation/activation/1.1/activation-1.1.jar
2024-05-26 17:20:54,854 [BasicRepositoryConnector-repo.maven.apache.org-0-0] INFO  o.e.m.c.i.e.AbstractTransferListenerAdapter - Downloaded https://repo.maven.apache.org/maven2/javax/activation/activation/1.1/activation-1.1.jar
2024-05-26 17:20:55,004 [Worker-18: Building] INFO  o.a.m.s.f.DefaultMavenResourcesFiltering - skip non existing resourceDirectory C:\Users\thiag\Documents\javamail\enviando-email\src\main\resources
2024-05-26 17:20:55,008 [Worker-18: Building] INFO  o.a.m.s.f.DefaultMavenResourcesFiltering - skip non existing resourceDirectory C:\Users\thiag\Documents\javamail\enviando-email\src\test\resources
2024-05-26 17:20:55,965 [Worker-19: Download sources and javadoc] INFO  o.e.m.c.i.e.AbstractTransferListenerAdapter - Downloading https://repo.maven.apache.org/maven2/com/sun/mail/javax.mail/1.6.2/javax.mail-1.6.2-sources.jar
2024-05-26 17:20:56,073 [Worker-19: Download sources and javadoc] INFO  o.e.m.c.i.e.AbstractTransferListenerAdapter - Downloaded https://repo.maven.apache.org/maven2/com/sun/mail/javax.mail/1.6.2/javax.mail-1.6.2-sources.jar
2024-05-26 17:20:56,077 [Worker-19: Download sources and javadoc] INFO  o.e.m.j.internal.DownloadSourcesJob - Downloaded sources for com.sun.mail:javax.mail:1.6.2
2024-05-26 17:20:56,143 [Worker-19: Download sources and javadoc] INFO  o.e.m.c.i.e.AbstractTransferListenerAdapter - Downloading https://repo.maven.apache.org/maven2/javax/activation/activation/1.1/activation-1.1-sources.jar
2024-05-26 17:20:56,163 [Worker-19: Download sources and javadoc] INFO  o.e.m.c.i.e.AbstractTransferListenerAdapter - Downloaded https://repo.maven.apache.org/maven2/javax/activation/activation/1.1/activation-1.1-sources.jar
2024-05-26 17:20:56,166 [Worker-19: Download sources and javadoc] INFO  o.e.m.j.internal.DownloadSourcesJob - Downloaded sources for javax.activation:activation:1.1
2024-05-26 17:20:56,406 [Worker-16: Building] INFO  o.a.m.s.f.DefaultMavenResourcesFiltering - skip non existing resourceDirectory C:\Users\thiag\Documents\javamail\enviando-email\src\main\resources
2024-05-26 17:20:56,408 [Worker-16: Building] INFO  o.a.m.s.f.DefaultMavenResourcesFiltering - skip non existing resourceDirectory C:\Users\thiag\Documents\javamail\enviando-email\src\test\resources
2024-05-26 17:23:49,068 [Worker-15: Building] INFO  o.a.m.s.f.DefaultMavenResourcesFiltering - skip non existing resourceDirectory C:\Users\thiag\Documents\javamail\enviando-email\src\main\resources
2024-05-26 17:23:49,070 [Worker-15: Building] INFO  o.a.m.s.f.DefaultMavenResourcesFiltering - skip non existing resourceDirectory C:\Users\thiag\Documents\javamail\enviando-email\src\test\resources
2024-05-26 17:24:55,653 [Worker-19: Building] INFO  o.a.m.s.f.DefaultMavenResourcesFiltering - skip non existing resourceDirectory C:\Users\thiag\Documents\javamail\enviando-email\src\main\resources
2024-05-26 17:24:55,657 [Worker-19: Building] INFO  o.a.m.s.f.DefaultMavenResourcesFiltering - skip non existing resourceDirectory C:\Users\thiag\Documents\javamail\enviando-email\src\test\resources
2024-05-26 20:12:46,882 [Worker-32: Launching AppTest] INFO  o.a.m.s.f.DefaultMavenResourcesFiltering - skip non existing resourceDirectory C:\Users\thiag\Documents\javamail\enviando-email\src\main\resources
2024-05-26 20:12:46,885 [Worker-32: Launching AppTest] INFO  o.a.m.s.f.DefaultMavenResourcesFiltering - skip non existing resourceDirectory C:\Users\thiag\Documents\javamail\enviando-email\src\test\resources
2024-05-26 20:22:17,442 [Worker-38: Building] INFO  o.a.m.s.f.DefaultMavenResourcesFiltering - skip non existing resourceDirectory C:\Users\thiag\Documents\javamail\enviando-email\src\main\resources
2024-05-26 20:22:17,445 [Worker-38: Building] INFO  o.a.m.s.f.DefaultMavenResourcesFiltering - skip non existing resourceDirectory C:\Users\thiag\Documents\javamail\enviando-email\src\test\resources
2024-05-26 20:22:27,764 [Worker-34: Building] INFO  o.a.m.s.f.DefaultMavenResourcesFiltering - skip non existing resourceDirectory C:\Users\thiag\Documents\javamail\enviando-email\src\main\resources
2024-05-26 20:22:27,766 [Worker-34: Building] INFO  o.a.m.s.f.DefaultMavenResourcesFiltering - skip non existing resourceDirectory C:\Users\thiag\Documents\javamail\enviando-email\src\test\resources
2024-05-26 20:34:03,140 [Worker-40: Launching AppTest] INFO  o.a.m.s.f.DefaultMavenResourcesFiltering - skip non existing resourceDirectory C:\Users\thiag\Documents\javamail\enviando-email\src\main\resources
2024-05-26 20:34:03,143 [Worker-40: Launching AppTest] INFO  o.a.m.s.f.DefaultMavenResourcesFiltering - skip non existing resourceDirectory C:\Users\thiag\Documents\javamail\enviando-email\src\test\resources
2024-05-26 20:34:40,378 [Worker-43: Building] INFO  o.a.m.s.f.DefaultMavenResourcesFiltering - skip non existing resourceDirectory C:\Users\thiag\Documents\javamail\enviando-email\src\main\resources
2024-05-26 20:34:40,380 [Worker-43: Building] INFO  o.a.m.s.f.DefaultMavenResourcesFiltering - skip non existing resourceDirectory C:\Users\thiag\Documents\javamail\enviando-email\src\test\resources
2024-05-26 20:35:16,068 [Worker-42: Building] INFO  o.a.m.s.f.DefaultMavenResourcesFiltering - skip non existing resourceDirectory C:\Users\thiag\Documents\javamail\enviando-email\src\main\resources
2024-05-26 20:35:16,070 [Worker-42: Building] INFO  o.a.m.s.f.DefaultMavenResourcesFiltering - skip non existing resourceDirectory C:\Users\thiag\Documents\javamail\enviando-email\src\test\resources
2024-05-26 20:37:19,926 [Worker-45: Building] INFO  o.a.m.s.f.DefaultMavenResourcesFiltering - skip non existing resourceDirectory C:\Users\thiag\Documents\javamail\enviando-email\src\main\resources
2024-05-26 20:37:19,927 [Worker-45: Building] INFO  o.a.m.s.f.DefaultMavenResourcesFiltering - skip non existing resourceDirectory C:\Users\thiag\Documents\javamail\enviando-email\src\test\resources
2024-05-26 20:44:50,080 [Worker-49: Building] INFO  o.a.m.s.f.DefaultMavenResourcesFiltering - skip non existing resourceDirectory C:\Users\thiag\Documents\javamail\enviando-email\src\main\resources
2024-05-26 20:44:50,083 [Worker-49: Building] INFO  o.a.m.s.f.DefaultMavenResourcesFiltering - skip non existing resourceDirectory C:\Users\thiag\Documents\javamail\enviando-email\src\test\resources
2024-05-26 20:45:22,137 [Worker-56: Building] INFO  o.a.m.s.f.DefaultMavenResourcesFiltering - skip non existing resourceDirectory C:\Users\thiag\Documents\javamail\enviando-email\src\main\resources
2024-05-26 20:45:22,139 [Worker-56: Building] INFO  o.a.m.s.f.DefaultMavenResourcesFiltering - skip non existing resourceDirectory C:\Users\thiag\Documents\javamail\enviando-email\src\test\resources
2024-05-26 21:46:44,208 [Worker-60: Building] INFO  o.a.m.s.f.DefaultMavenResourcesFiltering - skip non existing resourceDirectory C:\Users\thiag\Documents\javamail\enviando-email\src\main\resources
2024-05-26 21:46:44,210 [Worker-60: Building] INFO  o.a.m.s.f.DefaultMavenResourcesFiltering - skip non existing resourceDirectory C:\Users\thiag\Documents\javamail\enviando-email\src\test\resources
2024-05-26 21:52:40,206 [Worker-67: Building] INFO  o.a.m.s.f.DefaultMavenResourcesFiltering - skip non existing resourceDirectory C:\Users\thiag\Documents\javamail\enviando-email\src\main\resources
2024-05-26 21:52:40,208 [Worker-67: Building] INFO  o.a.m.s.f.DefaultMavenResourcesFiltering - skip non existing resourceDirectory C:\Users\thiag\Documents\javamail\enviando-email\src\test\resources
2024-05-26 21:53:44,431 [Worker-62: Launching AppTest] INFO  o.a.m.s.f.DefaultMavenResourcesFiltering - skip non existing resourceDirectory C:\Users\thiag\Documents\javamail\enviando-email\src\main\resources
2024-05-26 21:53:44,433 [Worker-62: Launching AppTest] INFO  o.a.m.s.f.DefaultMavenResourcesFiltering - skip non existing resourceDirectory C:\Users\thiag\Documents\javamail\enviando-email\src\test\resources
2024-05-26 21:55:53,219 [Worker-62: Building] INFO  o.a.m.s.f.DefaultMavenResourcesFiltering - skip non existing resourceDirectory C:\Users\thiag\Documents\javamail\enviando-email\src\main\resources
2024-05-26 21:55:53,221 [Worker-62: Building] INFO  o.a.m.s.f.DefaultMavenResourcesFiltering - skip non existing resourceDirectory C:\Users\thiag\Documents\javamail\enviando-email\src\test\resources
2024-05-26 21:56:15,777 [Worker-74: Building] INFO  o.a.m.s.f.DefaultMavenResourcesFiltering - skip non existing resourceDirectory C:\Users\thiag\Documents\javamail\enviando-email\src\main\resources
2024-05-26 21:56:15,779 [Worker-74: Building] INFO  o.a.m.s.f.DefaultMavenResourcesFiltering - skip non existing resourceDirectory C:\Users\thiag\Documents\javamail\enviando-email\src\test\resources
2024-05-26 21:58:19,915 [Worker-71: Building] INFO  o.a.m.s.f.DefaultMavenResourcesFiltering - skip non existing resourceDirectory C:\Users\thiag\Documents\javamail\enviando-email\src\main\resources
2024-05-26 21:58:19,917 [Worker-71: Building] INFO  o.a.m.s.f.DefaultMavenResourcesFiltering - skip non existing resourceDirectory C:\Users\thiag\Documents\javamail\enviando-email\src\test\resources
2024-05-26 22:07:55,462 [Worker-74: Launching AppTest] INFO  o.a.m.s.f.DefaultMavenResourcesFiltering - skip non existing resourceDirectory C:\Users\thiag\Documents\javamail\enviando-email\src\main\resources
2024-05-26 22:07:55,465 [Worker-74: Launching AppTest] INFO  o.a.m.s.f.DefaultMavenResourcesFiltering - skip non existing resourceDirectory C:\Users\thiag\Documents\javamail\enviando-email\src\test\resources
2024-05-26 22:10:45,887 [Worker-69: Launching AppTest] INFO  o.a.m.s.f.DefaultMavenResourcesFiltering - skip non existing resourceDirectory C:\Users\thiag\Documents\javamail\enviando-email\src\main\resources
2024-05-26 22:10:45,890 [Worker-69: Launching AppTest] INFO  o.a.m.s.f.DefaultMavenResourcesFiltering - skip non existing resourceDirectory C:\Users\thiag\Documents\javamail\enviando-email\src\test\resources
2024-05-26 22:24:04,449 [Worker-79: Building] INFO  o.a.m.s.f.DefaultMavenResourcesFiltering - skip non existing resourceDirectory C:\Users\thiag\Documents\javamail\enviando-email\src\main\resources
2024-05-26 22:24:04,453 [Worker-79: Building] INFO  o.a.m.s.f.DefaultMavenResourcesFiltering - skip non existing resourceDirectory C:\Users\thiag\Documents\javamail\enviando-email\src\test\resources
2024-05-28 01:20:46,143 [Worker-5: Loading available Gradle versions] INFO  o.e.b.c.i.u.g.PublishedGradleVersions - Gradle version information cache is out-of-date. Trying to update.
2024-05-28 01:27:25,467 [Worker-7: Loading available Gradle versions] INFO  o.e.b.c.i.u.g.PublishedGradleVersions - Gradle version information cache is up-to-date. Trying to read.
2024-05-28 01:27:36,041 [Worker-3: Building] INFO  o.a.m.s.f.DefaultMavenResourcesFiltering - skip non existing resourceDirectory C:\Users\thiag\Documents\javamail\enviando-email\src\main\resources
2024-05-28 01:27:36,049 [Worker-3: Building] INFO  o.a.m.s.f.DefaultMavenResourcesFiltering - skip non existing resourceDirectory C:\Users\thiag\Documents\javamail\enviando-email\src\test\resources
2024-05-28 01:47:14,161 [Worker-8: Loading available Gradle versions] INFO  o.e.b.c.i.u.g.PublishedGradleVersions - Gradle version information cache is up-to-date. Trying to read.
2024-05-28 01:50:01,925 [Worker-10: Launching AppTest] INFO  o.a.m.s.f.DefaultMavenResourcesFiltering - skip non existing resourceDirectory C:\Users\thiag\Documents\javamail\enviando-email\src\main\resources
2024-05-28 01:50:01,932 [Worker-10: Launching AppTest] INFO  o.a.m.s.f.DefaultMavenResourcesFiltering - skip non existing resourceDirectory C:\Users\thiag\Documents\javamail\enviando-email\src\test\resources
2024-05-28 01:52:01,658 [Worker-13: Launching AppTest] INFO  o.a.m.s.f.DefaultMavenResourcesFiltering - skip non existing resourceDirectory C:\Users\thiag\Documents\javamail\enviando-email\src\main\resources
2024-05-28 01:52:01,663 [Worker-13: Launching AppTest] INFO  o.a.m.s.f.DefaultMavenResourcesFiltering - skip non existing resourceDirectory C:\Users\thiag\Documents\javamail\enviando-email\src\test\resources
2024-05-31 14:44:30,336 [Worker-12: Loading available Gradle versions] INFO  o.e.b.c.i.u.g.PublishedGradleVersions - Gradle version information cache is out-of-date. Trying to update.
2024-05-31 14:44:31,921 [Worker-14: Launching AppTest] INFO  o.a.m.s.f.DefaultMavenResourcesFiltering - skip non existing resourceDirectory C:\Users\thiag\Documents\javamail\enviando-email\src\main\resources
2024-05-31 14:44:31,921 [Worker-14: Launching AppTest] INFO  o.a.m.s.f.DefaultMavenResourcesFiltering - skip non existing resourceDirectory C:\Users\thiag\Documents\javamail\enviando-email\src\test\resources
2024-05-31 14:45:33,358 [Worker-14: Launching AppTest] INFO  o.a.m.s.f.DefaultMavenResourcesFiltering - skip non existing resourceDirectory C:\Users\thiag\Documents\javamail\enviando-email\src\main\resources
2024-05-31 14:45:33,365 [Worker-14: Launching AppTest] INFO  o.a.m.s.f.DefaultMavenResourcesFiltering - skip non existing resourceDirectory C:\Users\thiag\Documents\javamail\enviando-email\src\test\resources
2024-05-31 14:46:12,548 [Worker-16: Launching AppTest] INFO  o.a.m.s.f.DefaultMavenResourcesFiltering - skip non existing resourceDirectory C:\Users\thiag\Documents\javamail\enviando-email\src\main\resources
2024-05-31 14:46:12,553 [Worker-16: Launching AppTest] INFO  o.a.m.s.f.DefaultMavenResourcesFiltering - skip non existing resourceDirectory C:\Users\thiag\Documents\javamail\enviando-email\src\test\resources
2024-06-01 20:03:16,250 [Worker-6: Building] INFO  o.a.m.s.f.DefaultMavenResourcesFiltering - skip non existing resourceDirectory C:\Users\thiag\Documents\javamail\enviando-email\src\main\resources
2024-06-01 20:03:16,257 [Worker-6: Building] INFO  o.a.m.s.f.DefaultMavenResourcesFiltering - skip non existing resourceDirectory C:\Users\thiag\Documents\javamail\enviando-email\src\test\resources
2024-06-01 20:04:23,541 [Worker-12: Loading available Gradle versions] INFO  o.e.b.c.i.u.g.PublishedGradleVersions - Gradle version information cache is out-of-date. Trying to update.
2024-06-01 20:04:38,105 [Worker-4: Building] INFO  o.e.m.c.i.l.LifecycleMappingFactory - Using org.eclipse.m2e.jdt.JarLifecycleMapping lifecycle mapping for MavenProject: enviando-email:enviando-email:0.0.1-SNAPSHOT @ C:\Users\thiag\Documents\javamail\enviando-email\pom.xml.
2024-06-01 20:04:38,310 [Worker-4: Building] INFO  o.e.m.c.i.e.AbstractTransferListenerAdapter - Downloading https://repo.maven.apache.org/maven2/com/itextpdf/itextpdf/5.5.13.3/itextpdf-5.5.13.3.pom
2024-06-01 20:04:38,324 [Worker-4: Building] INFO  o.e.m.c.i.e.AbstractTransferListenerAdapter - Downloaded https://repo.maven.apache.org/maven2/com/itextpdf/itextpdf/5.5.13.3/itextpdf-5.5.13.3.pom
2024-06-01 20:04:38,347 [Worker-4: Building] INFO  o.e.m.c.i.e.AbstractTransferListenerAdapter - Downloading https://repo.maven.apache.org/maven2/com/itextpdf/itext-parent/1.0.0/itext-parent-1.0.0.pom
2024-06-01 20:04:38,352 [Worker-4: Building] INFO  o.e.m.c.i.e.AbstractTransferListenerAdapter - Downloaded https://repo.maven.apache.org/maven2/com/itextpdf/itext-parent/1.0.0/itext-parent-1.0.0.pom
2024-06-01 20:04:38,396 [Worker-4: Building] INFO  o.e.m.c.i.e.AbstractTransferListenerAdapter - Downloading https://repo.maven.apache.org/maven2/com/itextpdf/itextpdf/5.5.13.3/itextpdf-5.5.13.3.jar
2024-06-01 20:04:38,705 [Worker-4: Building] INFO  o.e.m.c.i.e.AbstractTransferListenerAdapter - Downloaded https://repo.maven.apache.org/maven2/com/itextpdf/itextpdf/5.5.13.3/itextpdf-5.5.13.3.jar
2024-06-01 20:04:38,899 [Worker-4: Building] INFO  o.a.m.s.f.DefaultMavenResourcesFiltering - skip non existing resourceDirectory C:\Users\thiag\Documents\javamail\enviando-email\src\main\resources
2024-06-01 20:04:38,902 [Worker-4: Building] INFO  o.a.m.s.f.DefaultMavenResourcesFiltering - skip non existing resourceDirectory C:\Users\thiag\Documents\javamail\enviando-email\src\test\resources
2024-06-01 20:04:40,089 [Worker-2: Download sources and javadoc] INFO  o.e.m.c.i.e.AbstractTransferListenerAdapter - Downloading https://repo.maven.apache.org/maven2/com/itextpdf/itextpdf/5.5.13.3/itextpdf-5.5.13.3-sources.jar
2024-06-01 20:04:40,210 [Worker-12: Building] INFO  o.a.m.s.f.DefaultMavenResourcesFiltering - skip non existing resourceDirectory C:\Users\thiag\Documents\javamail\enviando-email\src\main\resources
2024-06-01 20:04:40,212 [Worker-12: Building] INFO  o.a.m.s.f.DefaultMavenResourcesFiltering - skip non existing resourceDirectory C:\Users\thiag\Documents\javamail\enviando-email\src\test\resources
2024-06-01 20:04:40,386 [Worker-2: Download sources and javadoc] INFO  o.e.m.c.i.e.AbstractTransferListenerAdapter - Downloaded https://repo.maven.apache.org/maven2/com/itextpdf/itextpdf/5.5.13.3/itextpdf-5.5.13.3-sources.jar
2024-06-01 20:04:40,390 [Worker-2: Download sources and javadoc] INFO  o.e.m.j.internal.DownloadSourcesJob - Downloaded sources for com.itextpdf:itextpdf:5.5.13.3
2024-06-01 20:30:48,640 [Worker-16: Building] INFO  o.a.m.s.f.DefaultMavenResourcesFiltering - skip non existing resourceDirectory C:\Users\thiag\Documents\javamail\enviando-email\src\main\resources
2024-06-01 20:30:48,640 [Worker-16: Building] INFO  o.a.m.s.f.DefaultMavenResourcesFiltering - skip non existing resourceDirectory C:\Users\thiag\Documents\javamail\enviando-email\src\test\resources
2024-06-01 22:44:32,085 [Worker-41: Building] INFO  o.a.m.s.f.DefaultMavenResourcesFiltering - skip non existing resourceDirectory C:\Users\thiag\Documents\javamail\enviando-email\src\main\resources
2024-06-01 22:44:32,089 [Worker-41: Building] INFO  o.a.m.s.f.DefaultMavenResourcesFiltering - skip non existing resourceDirectory C:\Users\thiag\Documents\javamail\enviando-email\src\test\resources
2024-06-01 22:44:50,789 [Worker-1: Loading available Gradle versions] INFO  o.e.b.c.i.u.g.PublishedGradleVersions - Gradle version information cache is up-to-date. Trying to read.
2024-06-01 22:51:28,879 [Worker-15: Building] INFO  o.a.m.s.f.DefaultMavenResourcesFiltering - skip non existing resourceDirectory C:\Users\thiag\Documents\javamail\enviando-email\src\main\resources
2024-06-01 22:51:28,883 [Worker-15: Building] INFO  o.a.m.s.f.DefaultMavenResourcesFiltering - skip non existing resourceDirectory C:\Users\thiag\Documents\javamail\enviando-email\src\test\resources
2024-06-01 22:52:17,274 [Worker-27: Building] INFO  o.a.m.s.f.DefaultMavenResourcesFiltering - skip non existing resourceDirectory C:\Users\thiag\Documents\javamail\enviando-email\src\main\resources
2024-06-01 22:52:17,276 [Worker-27: Building] INFO  o.a.m.s.f.DefaultMavenResourcesFiltering - skip non existing resourceDirectory C:\Users\thiag\Documents\javamail\enviando-email\src\test\resources
2024-06-01 22:54:03,923 [Worker-20: Building] INFO  o.a.m.s.f.DefaultMavenResourcesFiltering - skip non existing resourceDirectory C:\Users\thiag\Documents\javamail\enviando-email\src\main\resources
2024-06-01 22:54:03,926 [Worker-20: Building] INFO  o.a.m.s.f.DefaultMavenResourcesFiltering - skip non existing resourceDirectory C:\Users\thiag\Documents\javamail\enviando-email\src\test\resources
2024-06-02 14:09:50,633 [Worker-4: Loading available Gradle versions] INFO  o.e.b.c.i.u.g.PublishedGradleVersions - Gradle version information cache is up-to-date. Trying to read.
2024-06-02 14:09:53,620 [Worker-20: Building] INFO  o.a.m.s.f.DefaultMavenResourcesFiltering - skip non existing resourceDirectory C:\Users\thiag\Documents\javamail\enviando-email\src\main\resources
2024-06-02 14:09:53,627 [Worker-20: Building] INFO  o.a.m.s.f.DefaultMavenResourcesFiltering - skip non existing resourceDirectory C:\Users\thiag\Documents\javamail\enviando-email\src\test\resources
2024-06-02 14:10:26,970 [Worker-21: Building] INFO  o.a.m.s.f.DefaultMavenResourcesFiltering - skip non existing resourceDirectory C:\Users\thiag\Documents\javamail\enviando-email\src\main\resources
2024-06-02 14:10:26,985 [Worker-21: Building] INFO  o.a.m.s.f.DefaultMavenResourcesFiltering - skip non existing resourceDirectory C:\Users\thiag\Documents\javamail\enviando-email\src\test\resources
2024-06-02 14:11:34,043 [Worker-17: Building] INFO  o.a.m.s.f.DefaultMavenResourcesFiltering - skip non existing resourceDirectory C:\Users\thiag\Documents\javamail\enviando-email\src\main\resources
2024-06-02 14:11:34,045 [Worker-17: Building] INFO  o.a.m.s.f.DefaultMavenResourcesFiltering - skip non existing resourceDirectory C:\Users\thiag\Documents\javamail\enviando-email\src\test\resources
2024-06-02 14:21:50,807 [Worker-4: Building] INFO  o.a.m.s.f.DefaultMavenResourcesFiltering - skip non existing resourceDirectory C:\Users\thiag\Documents\javamail\enviando-email\src\main\resources
2024-06-02 14:21:50,809 [Worker-4: Building] INFO  o.a.m.s.f.DefaultMavenResourcesFiltering - skip non existing resourceDirectory C:\Users\thiag\Documents\javamail\enviando-email\src\test\resources
2024-06-02 14:23:05,270 [Worker-12: Building] INFO  o.a.m.s.f.DefaultMavenResourcesFiltering - skip non existing resourceDirectory C:\Users\thiag\Documents\javamail\enviando-email\src\main\resources
2024-06-02 14:23:05,272 [Worker-12: Building] INFO  o.a.m.s.f.DefaultMavenResourcesFiltering - skip non existing resourceDirectory C:\Users\thiag\Documents\javamail\enviando-email\src\test\resources
2024-06-02 14:33:21,432 [Worker-26: Building] INFO  o.a.m.s.f.DefaultMavenResourcesFiltering - skip non existing resourceDirectory C:\Users\thiag\Documents\javamail\enviando-email\src\main\resources
2024-06-02 14:33:21,433 [Worker-26: Building] INFO  o.a.m.s.f.DefaultMavenResourcesFiltering - skip non existing resourceDirectory C:\Users\thiag\Documents\javamail\enviando-email\src\test\resources
2024-06-02 14:33:55,979 [Worker-9: Building] INFO  o.a.m.s.f.DefaultMavenResourcesFiltering - skip non existing resourceDirectory C:\Users\thiag\Documents\javamail\enviando-email\src\main\resources
2024-06-02 14:33:55,981 [Worker-9: Building] INFO  o.a.m.s.f.DefaultMavenResourcesFiltering - skip non existing resourceDirectory C:\Users\thiag\Documents\javamail\enviando-email\src\test\resources
